<?xml version="1.0" encoding="UTF-8"?>
<!-- Generated by org.testng.reporters.JUnitReportReporter -->
<testsuite hostname="DESKTOP-PO1BMEK" failures="0" tests="2" name="com.example.SeleniumDesign.SubmitOrderTest" time="64.519" errors="0" timestamp="2024-07-18T21:20:50 IST" skipped="0">
  <testcase classname="com.example.SeleniumDesign.SubmitOrderTest" name="SubmitOrder" time="26.118"/>
  <system-out/>
  <testcase classname="com.example.SeleniumDesign.SubmitOrderTest" name="SubmitOrder" time="38.401"/>
  <system-out/>
</testsuite> <!-- com.example.SeleniumDesign.SubmitOrderTest -->
