<?xml version="1.0" encoding="UTF-8"?>
<!-- Generated by org.testng.reporters.JUnitReportReporter -->
<testsuite hostname="DESKTOP-PO1BMEK" failures="0" tests="3" name="com.example.SeleniumDesign.SubmitOrderTest3" time="40.427" errors="0" timestamp="2024-08-05T16:39:49 IST" skipped="0">
  <testcase classname="com.example.SeleniumDesign.SubmitOrderTest3" name="SubmitOrder" time="16.298"/>
  <system-out/>
  <testcase classname="com.example.SeleniumDesign.SubmitOrderTest3" name="SubmitOrder" time="15.058"/>
  <system-out/>
  <testcase classname="com.example.SeleniumDesign.SubmitOrderTest3" name="OrderHistoryTest" time="9.071"/>
  <system-out/>
</testsuite> <!-- com.example.SeleniumDesign.SubmitOrderTest3 -->
