<?xml version="1.0" encoding="UTF-8"?>
<!-- Generated by org.testng.reporters.JUnitReportReporter -->
<testsuite hostname="DESKTOP-PO1BMEK" failures="0" tests="2" name="com.example.SeleniumDesign.SubmitOrderTest2" time="45.989" errors="0" timestamp="2024-07-18T23:55:25 IST" skipped="0">
  <testcase classname="com.example.SeleniumDesign.SubmitOrderTest2" name="SubmitOrder" time="16.105"/>
  <system-out/>
  <testcase classname="com.example.SeleniumDesign.SubmitOrderTest2" name="SubmitOrder" time="29.884"/>
  <system-out/>
</testsuite> <!-- com.example.SeleniumDesign.SubmitOrderTest2 -->
